<?xml version="1.0" encoding="UTF-8"?>
<!-- Generated by org.testng.reporters.JUnitReportReporter -->
<testsuite hostname="ER2204294" failures="0" tests="3" name="rahulshettyacadamy.tests.SubmitOrderTest" time="33.208" errors="0" timestamp="2024-04-27T16:07:13 IST" skipped="0">
  <testcase classname="rahulshettyacadamy.tests.SubmitOrderTest" name="orderHistoryTest" time="4.279"/>
  <testcase classname="rahulshettyacadamy.tests.SubmitOrderTest" name="SubmitOrder" time="7.994"/>
  <testcase classname="rahulshettyacadamy.tests.SubmitOrderTest" name="SubmitOrder" time="20.935"/>
</testsuite> <!-- rahulshettyacadamy.tests.SubmitOrderTest -->
