<?xml version="1.0" encoding="UTF-8"?>
<!-- Generated by org.testng.reporters.JUnitReportReporter -->
<testsuite hostname="ER2204294" failures="0" tests="3" name="rahulshettyacadamy.tests.SubmitOrderTest" time="41.155" errors="0" timestamp="2024-04-27T19:18:03 IST" skipped="0">
  <testcase classname="rahulshettyacadamy.tests.SubmitOrderTest" name="SubmitOrder" time="18.178"/>
  <testcase classname="rahulshettyacadamy.tests.SubmitOrderTest" name="SubmitOrder" time="18.574"/>
  <testcase classname="rahulshettyacadamy.tests.SubmitOrderTest" name="orderHistoryTest" time="4.403"/>
</testsuite> <!-- rahulshettyacadamy.tests.SubmitOrderTest -->
